Arguments: 
  /home/parash/.nvm/versions/node/v16.19.0/bin/node /usr/bin/yarn install

PATH: 
  /home/parash/.nvm/versions/node/v16.19.0/bin:/home/parash/.local/bin:/usr/local/bin:/usr/bin:/var/lib/snapd/snap/bin:/usr/local/sbin:/var/lib/flatpak/exports/bin:/usr/bin/site_perl:/usr/bin/vendor_perl:/usr/bin/core_perl

Yarn version: 
  1.22.19

Node version: 
  16.19.0

Platform: 
  linux x64

Trace: 
  SyntaxError: /opt/lampp/htdocs/changes/wp-content/themes/coast/package.json: Unexpected token } in JSON at position 651
      at JSON.parse (<anonymous>)
      at /usr/lib/node_modules/yarn/lib/cli.js:1629:59
      at Generator.next (<anonymous>)
      at step (/usr/lib/node_modules/yarn/lib/cli.js:310:30)
      at /usr/lib/node_modules/yarn/lib/cli.js:321:13

npm manifest: 
  {
    "name": "coast",
    "version": "1.0.0",
    "dependencies": {
      "grunt": "^1.0.4",
      "grunt-checktextdomain": "^1.0.1",
      "grunt-contrib-clean": "^1.1.0",
      "grunt-contrib-compress": "^1.4.3",
      "grunt-contrib-copy": "^1.0.0",
      "grunt-contrib-cssmin": "^1.0.2",
      "grunt-contrib-jshint": "^1.1.0",
      "grunt-contrib-sass": "^1.0.0",
      "grunt-contrib-uglify": "^2.0.0",
      "grunt-contrib-watch": "^1.0.0",
      "grunt-file-creator": "^0.1.3",
      "grunt-push-svn": "^0.2.2",
      "grunt-rtlcss": "^2.0.1",
      "grunt-svn-export": "^0.1.7",
      "grunt-wp-i18n": "^1.0.0",
      "grunt-writefile": "^0.1.4",
      "grunt-zip": "^0.18.1",
    }
  }

yarn manifest: 
  No manifest

Lockfile: 
  No lockfile
